Start slurm job at Wed Nov 16 12:08:40 CST 2022
** fvcore version of PathManager will be deprecated soon. **
** Please migrate to the version in iopath repo. **
https://github.com/facebookresearch/iopath 

[11/16 12:08:46][INFO] train_net:  444: Train with config:
[11/16 12:08:46][INFO] train_net:  445: {'AVA': {'ANNOTATION_DIR': '/mnt/vol/gfsai-flash3-east/ai-group/users/haoqifan/ava/frame_list/',
         'BGR': False,
         'DETECTION_SCORE_THRESH': 0.9,
         'EXCLUSION_FILE': 'ava_val_excluded_timestamps_v2.2.csv',
         'FRAME_DIR': '/mnt/fair-flash3-east/ava_trainval_frames.img/',
         'FRAME_LIST_DIR': '/mnt/vol/gfsai-flash3-east/ai-group/users/haoqifan/ava/frame_list/',
         'FULL_TEST_ON_VAL': False,
         'GROUNDTRUTH_FILE': 'ava_val_v2.2.csv',
         'IMG_PROC_BACKEND': 'cv2',
         'LABEL_MAP_FILE': 'ava_action_list_v2.2_for_activitynet_2019.pbtxt',
         'TEST_FORCE_FLIP': False,
         'TEST_LISTS': ['val.csv'],
         'TEST_PREDICT_BOX_LISTS': ['ava_val_predicted_boxes.csv'],
         'TRAIN_GT_BOX_LISTS': ['ava_train_v2.2.csv'],
         'TRAIN_LISTS': ['train.csv'],
         'TRAIN_PCA_EIGVAL': [0.225, 0.224, 0.229],
         'TRAIN_PCA_EIGVEC': [[-0.5675, 0.7192, 0.4009],
                              [-0.5808, -0.0045, -0.814],
                              [-0.5836, -0.6948, 0.4203]],
         'TRAIN_PCA_JITTER_ONLY': True,
         'TRAIN_PREDICT_BOX_LISTS': [],
         'TRAIN_USE_COLOR_AUGMENTATION': False},
 'BENCHMARK': CfgNode({'NUM_EPOCHS': 5, 'LOG_PERIOD': 100, 'SHUFFLE': True}),
 'BN': {'NORM_TYPE': 'batchnorm',
        'NUM_BATCHES_PRECISE': 200,
        'NUM_SPLITS': 1,
        'NUM_SYNC_DEVICES': 1,
        'USE_PRECISE_STATS': True,
        'WEIGHT_DECAY': 0.0},
 'DATA': {'CROP_SIZE': 224,
          'DECODING_BACKEND': 'pyav',
          'ENSEMBLE_METHOD': 'sum',
          'INPUT_CHANNEL_NUM': [3],
          'INV_UNIFORM_SAMPLE': False,
          'MEAN': [0.45, 0.45, 0.45],
          'MULTI_LABEL': False,
          'NUM_FRAMES': 8,
          'OLD_PATH_TO_DATA_DIR': '',
          'PATH_LABEL_SEPARATOR': ' ',
          'PATH_PREFIX': '',
          'PATH_TO_DATA_DIR': '/public/home/zhouz/perl5/dataset/crime/list/',
          'RANDOM_FLIP': True,
          'REVERSE_INPUT_CHANNEL': False,
          'SAMPLING_RATE': 8,
          'STD': [0.225, 0.225, 0.225],
          'TARGET_FPS': 30,
          'TEST_CROP_SIZE': 256,
          'TRAIN_CROP_SIZE': 224,
          'TRAIN_JITTER_SCALES': [256, 320]},
 'DATA_LOADER': {'ENABLE_MULTI_THREAD_DECODE': False,
                 'NUM_WORKERS': 0,
                 'PIN_MEMORY': False},
 'DEMO': {'BUFFER_SIZE': 0,
          'CLIP_VIS_SIZE': 10,
          'COMMON_CLASS_NAMES': ['watch (a person)',
                                 'talk to (e.g., self, a person, a group)',
                                 'listen to (a person)',
                                 'touch (an object)',
                                 'carry/hold (an object)',
                                 'walk',
                                 'sit',
                                 'lie/sleep',
                                 'bend/bow (at the waist)'],
          'COMMON_CLASS_THRES': 0.7,
          'DETECTRON2_CFG': 'COCO-Detection/faster_rcnn_R_50_FPN_3x.yaml',
          'DETECTRON2_THRESH': 0.9,
          'DETECTRON2_WEIGHTS': 'detectron2://COCO-Detection/faster_rcnn_R_50_FPN_3x/137849458/model_final_280758.pkl',
          'DISPLAY_HEIGHT': 0,
          'DISPLAY_WIDTH': 0,
          'ENABLE': False,
          'FPS': 30,
          'GT_BOXES': '',
          'INPUT_FORMAT': 'BGR',
          'INPUT_VIDEO': '',
          'LABEL_FILE_PATH': '',
          'NUM_CLIPS_SKIP': 0,
          'NUM_VIS_INSTANCES': 2,
          'OUTPUT_FILE': '',
          'OUTPUT_FPS': -1,
          'PREDS_BOXES': '',
          'SLOWMO': 1,
          'STARTING_SECOND': 900,
          'THREAD_ENABLE': False,
          'UNCOMMON_CLASS_THRES': 0.3,
          'VIS_MODE': 'thres',
          'WEBCAM': -1},
 'DETECTION': {'ALIGNED': True,
               'ENABLE': False,
               'ROI_XFORM_RESOLUTION': 7,
               'SPATIAL_SCALE_FACTOR': 16},
 'DIST_BACKEND': 'nccl',
 'LOG_MODEL_INFO': True,
 'LOG_PERIOD': 10,
 'MODEL': {'ARCH': 'slow',
           'DROPOUT_RATE': 0.5,
           'FC_INIT_STD': 0.01,
           'HEAD_ACT': 'softmax',
           'LOSS_FUNC': 'cross_entropy',
           'MODEL_NAME': 'ResNet',
           'MULTI_PATHWAY_ARCH': ['slowfast'],
           'NUM_CLASSES': 3,
           'OLD_MODEL_NAME': 'OLD_ResNet',
           'OLD_NUM_CLASSES': 3,
           'SINGLE_PATHWAY_ARCH': ['c2d', 'i3d', 'slow']},
 'MULTIGRID': {'BN_BASE_SIZE': 8,
               'DEFAULT_B': 0,
               'DEFAULT_S': 0,
               'DEFAULT_T': 0,
               'EPOCH_FACTOR': 1.5,
               'EVAL_FREQ': 3,
               'LONG_CYCLE': False,
               'LONG_CYCLE_FACTORS': [(0.25, 0.7071067811865476),
                                      (0.5, 0.7071067811865476),
                                      (0.5, 1),
                                      (1, 1)],
               'LONG_CYCLE_SAMPLING_RATE': 0,
               'SHORT_CYCLE': False,
               'SHORT_CYCLE_FACTORS': [0.5, 0.7071067811865476]},
 'NONLOCAL': {'GROUP': [[1], [1], [1], [1]],
              'INSTANTIATION': 'dot_product',
              'LOCATION': [[[]], [[]], [[]], [[]]],
              'POOL': [[[1, 2, 2], [1, 2, 2]],
                       [[1, 2, 2], [1, 2, 2]],
                       [[1, 2, 2], [1, 2, 2]],
                       [[1, 2, 2], [1, 2, 2]]]},
 'NUM_GPUS': 1,
 'NUM_SHARDS': 1,
 'OUTPUT_DIR': './HAV-Baseline',
 'RESNET': {'DEPTH': 50,
            'INPLACE_RELU': True,
            'NUM_BLOCK_TEMP_KERNEL': [[3], [4], [6], [3]],
            'NUM_GROUPS': 1,
            'SPATIAL_DILATIONS': [[1], [1], [1], [1]],
            'SPATIAL_STRIDES': [[1], [2], [2], [2]],
            'STRIDE_1X1': False,
            'TRANS_FUNC': 'bottleneck_transform',
            'WIDTH_PER_GROUP': 64,
            'ZERO_INIT_FINAL_BN': True},
 'RNG_SEED': 0,
 'SHARD_ID': 0,
 'SLOWFAST': {'ALPHA': 8,
              'BETA_INV': 8,
              'FUSION_CONV_CHANNEL_RATIO': 2,
              'FUSION_KERNEL_SZ': 5},
 'SOLVER': {'BASE_LR': 0.0005,
            'DAMPENING': 0.0,
            'GAMMA': 0.1,
            'LRS': [],
            'LR_POLICY': 'cosine',
            'MAX_EPOCH': 60,
            'MOMENTUM': 0.9,
            'NESTEROV': True,
            'OPTIMIZING_METHOD': 'sgd',
            'STEPS': [],
            'STEP_SIZE': 1,
            'WARMUP_EPOCHS': 0.0,
            'WARMUP_FACTOR': 0.1,
            'WARMUP_START_LR': 0.01,
            'WEIGHT_DECAY': 1e-06},
 'TENSORBOARD': {'CATEGORIES_PATH': '',
                 'CLASS_NAMES_PATH': '',
                 'CONFUSION_MATRIX': {'ENABLE': False,
                                      'FIGSIZE': [8, 8],
                                      'SUBSET_PATH': ''},
                 'ENABLE': False,
                 'HISTOGRAM': {'ENABLE': False,
                               'FIGSIZE': [8, 8],
                               'SUBSET_PATH': '',
                               'TOPK': 10},
                 'LOG_DIR': '',
                 'MODEL_VIS': {'ACTIVATIONS': False,
                               'COLORMAP': 'Pastel2',
                               'ENABLE': False,
                               'GRAD_CAM': {'COLORMAP': 'viridis',
                                            'ENABLE': True,
                                            'LAYER_LIST': [],
                                            'USE_TRUE_LABEL': False},
                               'INPUT_VIDEO': False,
                               'LAYER_LIST': [],
                               'MODEL_WEIGHTS': False,
                               'TOPK_PREDS': 1},
                 'PREDICTIONS_PATH': '',
                 'WRONG_PRED_VIS': {'ENABLE': False,
                                    'SUBSET_PATH': '',
                                    'TAG': 'Incorrectly classified videos.'}},
 'TEST': {'BATCH_SIZE': 32,
          'CHECKPOINT_FILE_PATH': '',
          'CHECKPOINT_TYPE': 'pytorch',
          'DATASET': 'kinetics',
          'ENABLE': True,
          'NUM_ENSEMBLE_VIEWS': 10,
          'NUM_SPATIAL_CROPS': 3,
          'OLD_DATASET': 'old_kinetics',
          'SAVE_RESULTS_PATH': ''},
 'TRAIN': {'AUTO_RESUME': True,
           'BATCH_SIZE': 16,
           'CHECKPOINT_FILE_PATH': '/public/home/zhouz/perl5/Drone-ICIL/pretrained/SLOWONLY_8x8_R50.pkl',
           'CHECKPOINT_INFLATE': True,
           'CHECKPOINT_PERIOD': 1,
           'CHECKPOINT_TYPE': 'caffe2',
           'DATASET': 'kinetics',
           'ENABLE': True,
           'EVAL_PERIOD': 10,
           'OLD_DATASET': 'Oldkinetics'}}
[11/16 12:08:51][INFO] slowfast.utils.checkpoint:  436: Load from last checkpoint, ./HAV-Baseline/checkpoints/checkpoint_epoch_00060.pyth.
[11/16 12:08:53][INFO] slowfast.datasets.kinetics:   73: Constructing Kinetics train...
[11/16 12:08:53][INFO] slowfast.datasets.kinetics:  133: Constructing kinetics dataloader (size: 659) from /public/home/zhouz/perl5/dataset/crime/list/train.csv
[11/16 12:08:53][INFO] slowfast.datasets.kinetics:   73: Constructing Kinetics val...
[11/16 12:08:53][INFO] slowfast.datasets.kinetics:  133: Constructing kinetics dataloader (size: 273) from /public/home/zhouz/perl5/dataset/crime/list/val.csv
[11/16 12:08:53][INFO] slowfast.datasets.kinetics:   73: Constructing Kinetics train...
[11/16 12:08:53][INFO] slowfast.datasets.kinetics:  133: Constructing kinetics dataloader (size: 659) from /public/home/zhouz/perl5/dataset/crime/list/train.csv
[11/16 12:08:53][INFO] train_net:  489: Start epoch: 61
[11/16 12:08:53][INFO] test_net:  173: Test with config:
[11/16 12:08:53][INFO] test_net:  174: AVA:
  ANNOTATION_DIR: /mnt/vol/gfsai-flash3-east/ai-group/users/haoqifan/ava/frame_list/
  BGR: False
  DETECTION_SCORE_THRESH: 0.9
  EXCLUSION_FILE: ava_val_excluded_timestamps_v2.2.csv
  FRAME_DIR: /mnt/fair-flash3-east/ava_trainval_frames.img/
  FRAME_LIST_DIR: /mnt/vol/gfsai-flash3-east/ai-group/users/haoqifan/ava/frame_list/
  FULL_TEST_ON_VAL: False
  GROUNDTRUTH_FILE: ava_val_v2.2.csv
  IMG_PROC_BACKEND: cv2
  LABEL_MAP_FILE: ava_action_list_v2.2_for_activitynet_2019.pbtxt
  TEST_FORCE_FLIP: False
  TEST_LISTS: ['val.csv']
  TEST_PREDICT_BOX_LISTS: ['ava_val_predicted_boxes.csv']
  TRAIN_GT_BOX_LISTS: ['ava_train_v2.2.csv']
  TRAIN_LISTS: ['train.csv']
  TRAIN_PCA_EIGVAL: [0.225, 0.224, 0.229]
  TRAIN_PCA_EIGVEC: [[-0.5675, 0.7192, 0.4009], [-0.5808, -0.0045, -0.814], [-0.5836, -0.6948, 0.4203]]
  TRAIN_PCA_JITTER_ONLY: True
  TRAIN_PREDICT_BOX_LISTS: []
  TRAIN_USE_COLOR_AUGMENTATION: False
BENCHMARK:
  LOG_PERIOD: 100
  NUM_EPOCHS: 5
  SHUFFLE: True
BN:
  NORM_TYPE: batchnorm
  NUM_BATCHES_PRECISE: 200
  NUM_SPLITS: 1
  NUM_SYNC_DEVICES: 1
  USE_PRECISE_STATS: True
  WEIGHT_DECAY: 0.0
DATA:
  CROP_SIZE: 224
  DECODING_BACKEND: pyav
  ENSEMBLE_METHOD: sum
  INPUT_CHANNEL_NUM: [3]
  INV_UNIFORM_SAMPLE: False
  MEAN: [0.45, 0.45, 0.45]
  MULTI_LABEL: False
  NUM_FRAMES: 8
  OLD_PATH_TO_DATA_DIR: 
  PATH_LABEL_SEPARATOR:  
  PATH_PREFIX: 
  PATH_TO_DATA_DIR: /public/home/zhouz/perl5/dataset/crime/list/
  RANDOM_FLIP: True
  REVERSE_INPUT_CHANNEL: False
  SAMPLING_RATE: 8
  STD: [0.225, 0.225, 0.225]
  TARGET_FPS: 30
  TEST_CROP_SIZE: 256
  TRAIN_CROP_SIZE: 224
  TRAIN_JITTER_SCALES: [256, 320]
DATA_LOADER:
  ENABLE_MULTI_THREAD_DECODE: False
  NUM_WORKERS: 0
  PIN_MEMORY: False
DEMO:
  BUFFER_SIZE: 0
  CLIP_VIS_SIZE: 10
  COMMON_CLASS_NAMES: ['watch (a person)', 'talk to (e.g., self, a person, a group)', 'listen to (a person)', 'touch (an object)', 'carry/hold (an object)', 'walk', 'sit', 'lie/sleep', 'bend/bow (at the waist)']
  COMMON_CLASS_THRES: 0.7
  DETECTRON2_CFG: COCO-Detection/faster_rcnn_R_50_FPN_3x.yaml
  DETECTRON2_THRESH: 0.9
  DETECTRON2_WEIGHTS: detectron2://COCO-Detection/faster_rcnn_R_50_FPN_3x/137849458/model_final_280758.pkl
  DISPLAY_HEIGHT: 0
  DISPLAY_WIDTH: 0
  ENABLE: False
  FPS: 30
  GT_BOXES: 
  INPUT_FORMAT: BGR
  INPUT_VIDEO: 
  LABEL_FILE_PATH: 
  NUM_CLIPS_SKIP: 0
  NUM_VIS_INSTANCES: 2
  OUTPUT_FILE: 
  OUTPUT_FPS: -1
  PREDS_BOXES: 
  SLOWMO: 1
  STARTING_SECOND: 900
  THREAD_ENABLE: False
  UNCOMMON_CLASS_THRES: 0.3
  VIS_MODE: thres
  WEBCAM: -1
DETECTION:
  ALIGNED: True
  ENABLE: False
  ROI_XFORM_RESOLUTION: 7
  SPATIAL_SCALE_FACTOR: 16
DIST_BACKEND: nccl
LOG_MODEL_INFO: True
LOG_PERIOD: 10
MODEL:
  ARCH: slow
  DROPOUT_RATE: 0.5
  FC_INIT_STD: 0.01
  HEAD_ACT: softmax
  LOSS_FUNC: cross_entropy
  MODEL_NAME: ResNet
  MULTI_PATHWAY_ARCH: ['slowfast']
  NUM_CLASSES: 3
  OLD_MODEL_NAME: OLD_ResNet
  OLD_NUM_CLASSES: 3
  SINGLE_PATHWAY_ARCH: ['c2d', 'i3d', 'slow']
MULTIGRID:
  BN_BASE_SIZE: 8
  DEFAULT_B: 0
  DEFAULT_S: 0
  DEFAULT_T: 0
  EPOCH_FACTOR: 1.5
  EVAL_FREQ: 3
  LONG_CYCLE: False
  LONG_CYCLE_FACTORS: [(0.25, 0.7071067811865476), (0.5, 0.7071067811865476), (0.5, 1), (1, 1)]
  LONG_CYCLE_SAMPLING_RATE: 0
  SHORT_CYCLE: False
  SHORT_CYCLE_FACTORS: [0.5, 0.7071067811865476]
NONLOCAL:
  GROUP: [[1], [1], [1], [1]]
  INSTANTIATION: dot_product
  LOCATION: [[[]], [[]], [[]], [[]]]
  POOL: [[[1, 2, 2], [1, 2, 2]], [[1, 2, 2], [1, 2, 2]], [[1, 2, 2], [1, 2, 2]], [[1, 2, 2], [1, 2, 2]]]
NUM_GPUS: 1
NUM_SHARDS: 1
OUTPUT_DIR: ./HAV-Baseline
RESNET:
  DEPTH: 50
  INPLACE_RELU: True
  NUM_BLOCK_TEMP_KERNEL: [[3], [4], [6], [3]]
  NUM_GROUPS: 1
  SPATIAL_DILATIONS: [[1], [1], [1], [1]]
  SPATIAL_STRIDES: [[1], [2], [2], [2]]
  STRIDE_1X1: False
  TRANS_FUNC: bottleneck_transform
  WIDTH_PER_GROUP: 64
  ZERO_INIT_FINAL_BN: True
RNG_SEED: 0
SHARD_ID: 0
SLOWFAST:
  ALPHA: 8
  BETA_INV: 8
  FUSION_CONV_CHANNEL_RATIO: 2
  FUSION_KERNEL_SZ: 5
SOLVER:
  BASE_LR: 0.0005
  DAMPENING: 0.0
  GAMMA: 0.1
  LRS: []
  LR_POLICY: cosine
  MAX_EPOCH: 60
  MOMENTUM: 0.9
  NESTEROV: True
  OPTIMIZING_METHOD: sgd
  STEPS: []
  STEP_SIZE: 1
  WARMUP_EPOCHS: 0.0
  WARMUP_FACTOR: 0.1
  WARMUP_START_LR: 0.01
  WEIGHT_DECAY: 1e-06
TENSORBOARD:
  CATEGORIES_PATH: 
  CLASS_NAMES_PATH: 
  CONFUSION_MATRIX:
    ENABLE: False
    FIGSIZE: [8, 8]
    SUBSET_PATH: 
  ENABLE: False
  HISTOGRAM:
    ENABLE: False
    FIGSIZE: [8, 8]
    SUBSET_PATH: 
    TOPK: 10
  LOG_DIR: 
  MODEL_VIS:
    ACTIVATIONS: False
    COLORMAP: Pastel2
    ENABLE: False
    GRAD_CAM:
      COLORMAP: viridis
      ENABLE: True
      LAYER_LIST: []
      USE_TRUE_LABEL: False
    INPUT_VIDEO: False
    LAYER_LIST: []
    MODEL_WEIGHTS: False
    TOPK_PREDS: 1
  PREDICTIONS_PATH: 
  WRONG_PRED_VIS:
    ENABLE: False
    SUBSET_PATH: 
    TAG: Incorrectly classified videos.
TEST:
  BATCH_SIZE: 32
  CHECKPOINT_FILE_PATH: 
  CHECKPOINT_TYPE: pytorch
  DATASET: kinetics
  ENABLE: True
  NUM_ENSEMBLE_VIEWS: 10
  NUM_SPATIAL_CROPS: 3
  OLD_DATASET: old_kinetics
  SAVE_RESULTS_PATH: 
TRAIN:
  AUTO_RESUME: True
  BATCH_SIZE: 16
  CHECKPOINT_FILE_PATH: /public/home/zhouz/perl5/Drone-ICIL/pretrained/SLOWONLY_8x8_R50.pkl
  CHECKPOINT_INFLATE: True
  CHECKPOINT_PERIOD: 1
  CHECKPOINT_TYPE: caffe2
  DATASET: kinetics
  ENABLE: True
  EVAL_PERIOD: 10
  OLD_DATASET: Oldkinetics
[11/16 12:08:56][INFO] slowfast.datasets.kinetics:   73: Constructing Kinetics test...
[11/16 12:08:56][INFO] slowfast.datasets.kinetics:  133: Constructing kinetics dataloader (size: 8190) from /public/home/zhouz/perl5/dataset/crime/list/test.csv
[11/16 12:08:56][INFO] test_net:  185: Testing model for 256 iterations
[11/16 12:09:01][INFO] slowfast.utils.logging:   93: json_stats: {"cur_iter": "1", "eta": "0:22:08", "split": "test_iter", "time_diff": 5.191333}
[11/16 12:09:06][INFO] slowfast.utils.logging:   93: json_stats: {"cur_iter": "2", "eta": "0:18:09", "split": "test_iter", "time_diff": 4.271927}
[11/16 12:09:10][INFO] slowfast.utils.logging:   93: json_stats: {"cur_iter": "3", "eta": "0:18:04", "split": "test_iter", "time_diff": 4.271209}
[11/16 12:09:14][INFO] slowfast.utils.logging:   93: json_stats: {"cur_iter": "4", "eta": "0:17:38", "split": "test_iter", "time_diff": 4.184482}
[11/16 12:09:18][INFO] slowfast.utils.logging:   93: json_stats: {"cur_iter": "5", "eta": "0:16:54", "split": "test_iter", "time_diff": 4.023815}
[11/16 12:09:22][INFO] slowfast.utils.logging:   93: json_stats: {"cur_iter": "6", "eta": "0:17:01", "split": "test_iter", "time_diff": 4.069772}
[11/16 12:09:26][INFO] slowfast.utils.logging:   93: json_stats: {"cur_iter": "7", "eta": "0:16:44", "split": "test_iter", "time_diff": 4.018931}
[11/16 12:09:30][INFO] slowfast.utils.logging:   93: json_stats: {"cur_iter": "8", "eta": "0:16:39", "split": "test_iter", "time_diff": 4.015710}
[11/16 12:09:34][INFO] slowfast.utils.logging:   93: json_stats: {"cur_iter": "9", "eta": "0:16:38", "split": "test_iter", "time_diff": 4.026869}
[11/16 12:09:38][INFO] slowfast.utils.logging:   93: json_stats: {"cur_iter": "10", "eta": "0:16:35", "split": "test_iter", "time_diff": 4.028897}
[11/16 12:09:42][INFO] slowfast.utils.logging:   93: json_stats: {"cur_iter": "11", "eta": "0:16:34", "split": "test_iter", "time_diff": 4.041188}
[11/16 12:09:46][INFO] slowfast.utils.logging:   93: json_stats: {"cur_iter": "12", "eta": "0:16:30", "split": "test_iter", "time_diff": 4.042428}
[11/16 12:09:50][INFO] slowfast.utils.logging:   93: json_stats: {"cur_iter": "13", "eta": "0:16:44", "split": "test_iter", "time_diff": 4.116676}
[11/16 12:09:55][INFO] slowfast.utils.logging:   93: json_stats: {"cur_iter": "14", "eta": "0:16:59", "split": "test_iter", "time_diff": 4.196147}
[11/16 12:09:59][INFO] slowfast.utils.logging:   93: json_stats: {"cur_iter": "15", "eta": "0:16:39", "split": "test_iter", "time_diff": 4.129878}
[11/16 12:10:03][INFO] slowfast.utils.logging:   93: json_stats: {"cur_iter": "16", "eta": "0:16:29", "split": "test_iter", "time_diff": 4.106436}
[11/16 12:10:07][INFO] slowfast.utils.logging:   93: json_stats: {"cur_iter": "17", "eta": "0:18:34", "split": "test_iter", "time_diff": 4.642566}
[11/16 12:10:12][INFO] slowfast.utils.logging:   93: json_stats: {"cur_iter": "18", "eta": "0:16:23", "split": "test_iter", "time_diff": 4.115057}
[11/16 12:10:20][INFO] slowfast.utils.logging:   93: json_stats: {"cur_iter": "19", "eta": "0:15:57", "split": "test_iter", "time_diff": 4.023404}
[11/16 12:10:25][INFO] slowfast.utils.logging:   93: json_stats: {"cur_iter": "20", "eta": "0:15:51", "split": "test_iter", "time_diff": 4.015950}
[11/16 12:10:29][INFO] slowfast.utils.logging:   93: json_stats: {"cur_iter": "21", "eta": "0:15:56", "split": "test_iter", "time_diff": 4.054620}
[11/16 12:10:33][INFO] slowfast.utils.logging:   93: json_stats: {"cur_iter": "22", "eta": "0:16:03", "split": "test_iter", "time_diff": 4.102068}
[11/16 12:10:37][INFO] slowfast.utils.logging:   93: json_stats: {"cur_iter": "23", "eta": "0:16:17", "split": "test_iter", "time_diff": 4.178735}
[11/16 12:10:41][INFO] slowfast.utils.logging:   93: json_stats: {"cur_iter": "24", "eta": "0:16:12", "split": "test_iter", "time_diff": 4.171800}
[11/16 12:10:45][INFO] slowfast.utils.logging:   93: json_stats: {"cur_iter": "25", "eta": "0:16:18", "split": "test_iter", "time_diff": 4.216181}
[11/16 12:10:49][INFO] slowfast.utils.logging:   93: json_stats: {"cur_iter": "26", "eta": "0:15:45", "split": "test_iter", "time_diff": 4.094144}
[11/16 12:10:53][INFO] slowfast.utils.logging:   93: json_stats: {"cur_iter": "27", "eta": "0:15:52", "split": "test_iter", "time_diff": 4.140880}
[11/16 12:10:58][INFO] slowfast.utils.logging:   93: json_stats: {"cur_iter": "28", "eta": "0:15:33", "split": "test_iter", "time_diff": 4.076824}
[11/16 12:11:02][INFO] slowfast.utils.logging:   93: json_stats: {"cur_iter": "29", "eta": "0:15:47", "split": "test_iter", "time_diff": 4.157184}
[11/16 12:11:06][INFO] slowfast.utils.logging:   93: json_stats: {"cur_iter": "30", "eta": "0:15:20", "split": "test_iter", "time_diff": 4.055860}
[11/16 12:11:10][INFO] slowfast.utils.logging:   93: json_stats: {"cur_iter": "31", "eta": "0:15:08", "split": "test_iter", "time_diff": 4.018232}
[11/16 12:11:14][INFO] slowfast.utils.logging:   93: json_stats: {"cur_iter": "32", "eta": "0:15:08", "split": "test_iter", "time_diff": 4.036850}
[11/16 12:11:18][INFO] slowfast.utils.logging:   93: json_stats: {"cur_iter": "33", "eta": "0:15:05", "split": "test_iter", "time_diff": 4.042655}
[11/16 12:11:22][INFO] slowfast.utils.logging:   93: json_stats: {"cur_iter": "34", "eta": "0:15:17", "split": "test_iter", "time_diff": 4.114489}
[11/16 12:11:26][INFO] slowfast.utils.logging:   93: json_stats: {"cur_iter": "35", "eta": "0:14:53", "split": "test_iter", "time_diff": 4.023770}
[11/16 12:11:30][INFO] slowfast.utils.logging:   93: json_stats: {"cur_iter": "36", "eta": "0:14:51", "split": "test_iter", "time_diff": 4.033195}
[11/16 12:11:34][INFO] slowfast.utils.logging:   93: json_stats: {"cur_iter": "37", "eta": "0:14:49", "split": "test_iter", "time_diff": 4.043306}
[11/16 12:11:38][INFO] slowfast.utils.logging:   93: json_stats: {"cur_iter": "38", "eta": "0:14:51", "split": "test_iter", "time_diff": 4.069963}
[11/16 12:11:42][INFO] slowfast.utils.logging:   93: json_stats: {"cur_iter": "39", "eta": "0:14:47", "split": "test_iter", "time_diff": 4.071195}
[11/16 12:11:46][INFO] slowfast.utils.logging:   93: json_stats: {"cur_iter": "40", "eta": "0:14:36", "split": "test_iter", "time_diff": 4.037088}
[11/16 12:11:50][INFO] slowfast.utils.logging:   93: json_stats: {"cur_iter": "41", "eta": "0:14:49", "split": "test_iter", "time_diff": 4.116266}
[11/16 12:11:54][INFO] slowfast.utils.logging:   93: json_stats: {"cur_iter": "42", "eta": "0:14:23", "split": "test_iter", "time_diff": 4.014774}
[11/16 12:11:59][INFO] slowfast.utils.logging:   93: json_stats: {"cur_iter": "43", "eta": "0:14:33", "split": "test_iter", "time_diff": 4.083740}
[11/16 12:12:03][INFO] slowfast.utils.logging:   93: json_stats: {"cur_iter": "44", "eta": "0:14:10", "split": "test_iter", "time_diff": 3.992429}
[11/16 12:12:07][INFO] slowfast.utils.logging:   93: json_stats: {"cur_iter": "45", "eta": "0:14:06", "split": "test_iter", "time_diff": 3.994441}
[11/16 12:12:10][INFO] slowfast.utils.logging:   93: json_stats: {"cur_iter": "46", "eta": "0:13:54", "split": "test_iter", "time_diff": 3.956995}
[11/16 12:12:14][INFO] slowfast.utils.logging:   93: json_stats: {"cur_iter": "47", "eta": "0:13:54", "split": "test_iter", "time_diff": 3.974471}
[11/16 12:12:18][INFO] slowfast.utils.logging:   93: json_stats: {"cur_iter": "48", "eta": "0:13:50", "split": "test_iter", "time_diff": 3.975449}
[11/16 12:12:22][INFO] slowfast.utils.logging:   93: json_stats: {"cur_iter": "49", "eta": "0:13:59", "split": "test_iter", "time_diff": 4.038329}
[11/16 12:12:27][INFO] slowfast.utils.logging:   93: json_stats: {"cur_iter": "50", "eta": "0:14:00", "split": "test_iter", "time_diff": 4.058360}
[11/16 12:12:31][INFO] slowfast.utils.logging:   93: json_stats: {"cur_iter": "51", "eta": "0:13:55", "split": "test_iter", "time_diff": 4.057675}
[11/16 12:12:35][INFO] slowfast.utils.logging:   93: json_stats: {"cur_iter": "52", "eta": "0:13:47", "split": "test_iter", "time_diff": 4.037392}
[11/16 12:12:39][INFO] slowfast.utils.logging:   93: json_stats: {"cur_iter": "53", "eta": "0:13:51", "split": "test_iter", "time_diff": 4.074115}
[11/16 12:12:43][INFO] slowfast.utils.logging:   93: json_stats: {"cur_iter": "54", "eta": "0:13:56", "split": "test_iter", "time_diff": 4.122552}
[11/16 12:12:47][INFO] slowfast.utils.logging:   93: json_stats: {"cur_iter": "55", "eta": "0:13:54", "split": "test_iter", "time_diff": 4.131413}
[11/16 12:12:51][INFO] slowfast.utils.logging:   93: json_stats: {"cur_iter": "56", "eta": "0:13:36", "split": "test_iter", "time_diff": 4.063912}
[11/16 12:12:55][INFO] slowfast.utils.logging:   93: json_stats: {"cur_iter": "57", "eta": "0:13:27", "split": "test_iter", "time_diff": 4.039850}
[11/16 12:12:59][INFO] slowfast.utils.logging:   93: json_stats: {"cur_iter": "58", "eta": "0:13:27", "split": "test_iter", "time_diff": 4.056079}
[11/16 12:13:03][INFO] slowfast.utils.logging:   93: json_stats: {"cur_iter": "59", "eta": "0:13:31", "split": "test_iter", "time_diff": 4.099319}
[11/16 12:13:07][INFO] slowfast.utils.logging:   93: json_stats: {"cur_iter": "60", "eta": "0:13:07", "split": "test_iter", "time_diff": 3.995816}
[11/16 12:13:11][INFO] slowfast.utils.logging:   93: json_stats: {"cur_iter": "61", "eta": "0:13:03", "split": "test_iter", "time_diff": 3.996453}
[11/16 12:13:15][INFO] slowfast.utils.logging:   93: json_stats: {"cur_iter": "62", "eta": "0:13:08", "split": "test_iter", "time_diff": 4.041288}
[11/16 12:13:19][INFO] slowfast.utils.logging:   93: json_stats: {"cur_iter": "63", "eta": "0:12:59", "split": "test_iter", "time_diff": 4.017961}
[11/16 12:13:23][INFO] slowfast.utils.logging:   93: json_stats: {"cur_iter": "64", "eta": "0:12:55", "split": "test_iter", "time_diff": 4.015848}
[11/16 12:13:27][INFO] slowfast.utils.logging:   93: json_stats: {"cur_iter": "65", "eta": "0:12:47", "split": "test_iter", "time_diff": 3.995964}
[11/16 12:13:31][INFO] slowfast.utils.logging:   93: json_stats: {"cur_iter": "66", "eta": "0:12:46", "split": "test_iter", "time_diff": 4.013477}
[11/16 12:13:35][INFO] slowfast.utils.logging:   93: json_stats: {"cur_iter": "67", "eta": "0:12:39", "split": "test_iter", "time_diff": 3.997402}
[11/16 12:13:40][INFO] slowfast.utils.logging:   93: json_stats: {"cur_iter": "68", "eta": "0:13:05", "split": "test_iter", "time_diff": 4.156367}
[11/16 12:13:44][INFO] slowfast.utils.logging:   93: json_stats: {"cur_iter": "69", "eta": "0:12:37", "split": "test_iter", "time_diff": 4.031669}
[11/16 12:13:48][INFO] slowfast.utils.logging:   93: json_stats: {"cur_iter": "70", "eta": "0:12:38", "split": "test_iter", "time_diff": 4.056641}
[11/16 12:13:52][INFO] slowfast.utils.logging:   93: json_stats: {"cur_iter": "71", "eta": "0:12:26", "split": "test_iter", "time_diff": 4.013328}
[11/16 12:13:56][INFO] slowfast.utils.logging:   93: json_stats: {"cur_iter": "72", "eta": "0:12:30", "split": "test_iter", "time_diff": 4.057457}
[11/16 12:14:00][INFO] slowfast.utils.logging:   93: json_stats: {"cur_iter": "73", "eta": "0:12:37", "split": "test_iter", "time_diff": 4.117895}
[11/16 12:14:04][INFO] slowfast.utils.logging:   93: json_stats: {"cur_iter": "74", "eta": "0:12:46", "split": "test_iter", "time_diff": 4.186235}
[11/16 12:14:08][INFO] slowfast.utils.logging:   93: json_stats: {"cur_iter": "75", "eta": "0:12:28", "split": "test_iter", "time_diff": 4.112452}
[11/16 12:14:12][INFO] slowfast.utils.logging:   93: json_stats: {"cur_iter": "76", "eta": "0:12:14", "split": "test_iter", "time_diff": 4.057537}
[11/16 12:14:16][INFO] slowfast.utils.logging:   93: json_stats: {"cur_iter": "77", "eta": "0:12:13", "split": "test_iter", "time_diff": 4.074945}
[11/16 12:14:20][INFO] slowfast.utils.logging:   93: json_stats: {"cur_iter": "78", "eta": "0:12:14", "split": "test_iter", "time_diff": 4.100582}
[11/16 12:14:24][INFO] slowfast.utils.logging:   93: json_stats: {"cur_iter": "79", "eta": "0:12:06", "split": "test_iter", "time_diff": 4.081101}
[11/16 12:14:29][INFO] slowfast.utils.logging:   93: json_stats: {"cur_iter": "80", "eta": "0:12:04", "split": "test_iter", "time_diff": 4.092421}
[11/16 12:14:33][INFO] slowfast.utils.logging:   93: json_stats: {"cur_iter": "81", "eta": "0:12:18", "split": "test_iter", "time_diff": 4.195565}
[11/16 12:14:37][INFO] slowfast.utils.logging:   93: json_stats: {"cur_iter": "82", "eta": "0:11:45", "split": "test_iter", "time_diff": 4.034085}
[11/16 12:14:41][INFO] slowfast.utils.logging:   93: json_stats: {"cur_iter": "83", "eta": "0:11:43", "split": "test_iter", "time_diff": 4.044828}
[11/16 12:14:45][INFO] slowfast.utils.logging:   93: json_stats: {"cur_iter": "84", "eta": "0:11:43", "split": "test_iter", "time_diff": 4.068490}
[11/16 12:14:49][INFO] slowfast.utils.logging:   93: json_stats: {"cur_iter": "85", "eta": "0:11:41", "split": "test_iter", "time_diff": 4.076021}
[11/16 12:14:53][INFO] slowfast.utils.logging:   93: json_stats: {"cur_iter": "86", "eta": "0:11:44", "split": "test_iter", "time_diff": 4.119842}
[11/16 12:14:57][INFO] slowfast.utils.logging:   93: json_stats: {"cur_iter": "87", "eta": "0:11:26", "split": "test_iter", "time_diff": 4.038925}
[11/16 12:15:01][INFO] slowfast.utils.logging:   93: json_stats: {"cur_iter": "88", "eta": "0:11:19", "split": "test_iter", "time_diff": 4.018243}
[11/16 12:15:05][INFO] slowfast.utils.logging:   93: json_stats: {"cur_iter": "89", "eta": "0:11:11", "split": "test_iter", "time_diff": 3.995265}
[11/16 12:15:09][INFO] slowfast.utils.logging:   93: json_stats: {"cur_iter": "90", "eta": "0:11:07", "split": "test_iter", "time_diff": 3.996642}
[11/16 12:15:13][INFO] slowfast.utils.logging:   93: json_stats: {"cur_iter": "91", "eta": "0:11:03", "split": "test_iter", "time_diff": 3.994266}
[11/16 12:15:17][INFO] slowfast.utils.logging:   93: json_stats: {"cur_iter": "92", "eta": "0:10:56", "split": "test_iter", "time_diff": 3.980766}
[11/16 12:15:21][INFO] slowfast.utils.logging:   93: json_stats: {"cur_iter": "93", "eta": "0:10:54", "split": "test_iter", "time_diff": 3.992638}
[11/16 12:15:25][INFO] slowfast.utils.logging:   93: json_stats: {"cur_iter": "94", "eta": "0:10:52", "split": "test_iter", "time_diff": 4.001911}
[11/16 12:15:29][INFO] slowfast.utils.logging:   93: json_stats: {"cur_iter": "95", "eta": "0:10:56", "split": "test_iter", "time_diff": 4.049671}
[11/16 12:15:33][INFO] slowfast.utils.logging:   93: json_stats: {"cur_iter": "96", "eta": "0:10:46", "split": "test_iter", "time_diff": 4.018040}
[11/16 12:15:37][INFO] slowfast.utils.logging:   93: json_stats: {"cur_iter": "97", "eta": "0:10:48", "split": "test_iter", "time_diff": 4.053574}
[11/16 12:15:41][INFO] slowfast.utils.logging:   93: json_stats: {"cur_iter": "98", "eta": "0:11:05", "split": "test_iter", "time_diff": 4.182509}
[11/16 12:15:46][INFO] slowfast.utils.logging:   93: json_stats: {"cur_iter": "99", "eta": "0:10:45", "split": "test_iter", "time_diff": 4.082409}
[11/16 12:15:50][INFO] slowfast.utils.logging:   93: json_stats: {"cur_iter": "100", "eta": "0:10:39", "split": "test_iter", "time_diff": 4.074257}
[11/16 12:15:54][INFO] slowfast.utils.logging:   93: json_stats: {"cur_iter": "101", "eta": "0:10:35", "split": "test_iter", "time_diff": 4.075345}
[11/16 12:15:58][INFO] slowfast.utils.logging:   93: json_stats: {"cur_iter": "102", "eta": "0:10:31", "split": "test_iter", "time_diff": 4.076876}
[11/16 12:16:02][INFO] slowfast.utils.logging:   93: json_stats: {"cur_iter": "103", "eta": "0:10:25", "split": "test_iter", "time_diff": 4.064358}
[11/16 12:16:06][INFO] slowfast.utils.logging:   93: json_stats: {"cur_iter": "104", "eta": "0:10:25", "split": "test_iter", "time_diff": 4.089355}
[11/16 12:16:10][INFO] slowfast.utils.logging:   93: json_stats: {"cur_iter": "105", "eta": "0:10:22", "split": "test_iter", "time_diff": 4.097620}
[11/16 12:16:14][INFO] slowfast.utils.logging:   93: json_stats: {"cur_iter": "106", "eta": "0:10:03", "split": "test_iter", "time_diff": 3.993879}
[11/16 12:16:18][INFO] slowfast.utils.logging:   93: json_stats: {"cur_iter": "107", "eta": "0:09:59", "split": "test_iter", "time_diff": 3.999245}
[11/16 12:16:22][INFO] slowfast.utils.logging:   93: json_stats: {"cur_iter": "108", "eta": "0:10:01", "split": "test_iter", "time_diff": 4.039467}
[11/16 12:16:26][INFO] slowfast.utils.logging:   93: json_stats: {"cur_iter": "109", "eta": "0:10:13", "split": "test_iter", "time_diff": 4.143374}
[11/16 12:16:30][INFO] slowfast.utils.logging:   93: json_stats: {"cur_iter": "110", "eta": "0:09:50", "split": "test_iter", "time_diff": 4.017671}
[11/16 12:16:34][INFO] slowfast.utils.logging:   93: json_stats: {"cur_iter": "111", "eta": "0:09:46", "split": "test_iter", "time_diff": 4.018251}
[11/16 12:16:38][INFO] slowfast.utils.logging:   93: json_stats: {"cur_iter": "112", "eta": "0:09:42", "split": "test_iter", "time_diff": 4.017903}
[11/16 12:16:42][INFO] slowfast.utils.logging:   93: json_stats: {"cur_iter": "113", "eta": "0:09:38", "split": "test_iter", "time_diff": 4.015446}
[11/16 12:16:46][INFO] slowfast.utils.logging:   93: json_stats: {"cur_iter": "114", "eta": "0:09:31", "split": "test_iter", "time_diff": 3.995676}
[11/16 12:16:50][INFO] slowfast.utils.logging:   93: json_stats: {"cur_iter": "115", "eta": "0:09:27", "split": "test_iter", "time_diff": 3.996762}
[11/16 12:16:54][INFO] slowfast.utils.logging:   93: json_stats: {"cur_iter": "116", "eta": "0:09:25", "split": "test_iter", "time_diff": 4.012093}
[11/16 12:16:58][INFO] slowfast.utils.logging:   93: json_stats: {"cur_iter": "117", "eta": "0:09:25", "split": "test_iter", "time_diff": 4.040481}
[11/16 12:17:02][INFO] slowfast.utils.logging:   93: json_stats: {"cur_iter": "118", "eta": "0:09:23", "split": "test_iter", "time_diff": 4.054838}
[11/16 12:17:07][INFO] slowfast.utils.logging:   93: json_stats: {"cur_iter": "119", "eta": "0:09:25", "split": "test_iter", "time_diff": 4.098508}
[11/16 12:17:11][INFO] slowfast.utils.logging:   93: json_stats: {"cur_iter": "120", "eta": "0:09:21", "split": "test_iter", "time_diff": 4.096390}
[11/16 12:17:15][INFO] slowfast.utils.logging:   93: json_stats: {"cur_iter": "121", "eta": "0:09:15", "split": "test_iter", "time_diff": 4.086624}
[11/16 12:17:19][INFO] slowfast.utils.logging:   93: json_stats: {"cur_iter": "122", "eta": "0:09:18", "split": "test_iter", "time_diff": 4.133712}
[11/16 12:17:23][INFO] slowfast.utils.logging:   93: json_stats: {"cur_iter": "123", "eta": "0:08:53", "split": "test_iter", "time_diff": 3.979052}
[11/16 12:17:27][INFO] slowfast.utils.logging:   93: json_stats: {"cur_iter": "124", "eta": "0:08:44", "split": "test_iter", "time_diff": 3.946304}
[11/16 12:17:31][INFO] slowfast.utils.logging:   93: json_stats: {"cur_iter": "125", "eta": "0:08:43", "split": "test_iter", "time_diff": 3.962695}
[11/16 12:17:35][INFO] slowfast.utils.logging:   93: json_stats: {"cur_iter": "126", "eta": "0:08:41", "split": "test_iter", "time_diff": 3.979307}
[11/16 12:17:39][INFO] slowfast.utils.logging:   93: json_stats: {"cur_iter": "127", "eta": "0:08:39", "split": "test_iter", "time_diff": 3.997991}
[11/16 12:17:43][INFO] slowfast.utils.logging:   93: json_stats: {"cur_iter": "128", "eta": "0:08:45", "split": "test_iter", "time_diff": 4.076040}
[11/16 12:17:47][INFO] slowfast.utils.logging:   93: json_stats: {"cur_iter": "129", "eta": "0:08:37", "split": "test_iter", "time_diff": 4.039717}
[11/16 12:17:51][INFO] slowfast.utils.logging:   93: json_stats: {"cur_iter": "130", "eta": "0:08:33", "split": "test_iter", "time_diff": 4.040063}
[11/16 12:17:55][INFO] slowfast.utils.logging:   93: json_stats: {"cur_iter": "131", "eta": "0:08:26", "split": "test_iter", "time_diff": 4.020952}
[11/16 12:17:59][INFO] slowfast.utils.logging:   93: json_stats: {"cur_iter": "132", "eta": "0:08:23", "split": "test_iter", "time_diff": 4.026530}
[11/16 12:18:03][INFO] slowfast.utils.logging:   93: json_stats: {"cur_iter": "133", "eta": "0:08:18", "split": "test_iter", "time_diff": 4.021387}
[11/16 12:18:07][INFO] slowfast.utils.logging:   93: json_stats: {"cur_iter": "134", "eta": "0:08:36", "split": "test_iter", "time_diff": 4.199094}
[11/16 12:18:11][INFO] slowfast.utils.logging:   93: json_stats: {"cur_iter": "135", "eta": "0:08:16", "split": "test_iter", "time_diff": 4.072894}
[11/16 12:18:19][INFO] slowfast.utils.logging:   93: json_stats: {"cur_iter": "136", "eta": "0:15:31", "split": "test_iter", "time_diff": 7.694761}
[11/16 12:19:48][INFO] slowfast.utils.logging:   93: json_stats: {"cur_iter": "137", "eta": "2:57:09", "split": "test_iter", "time_diff": 88.580836}
[11/16 12:21:16][INFO] slowfast.utils.logging:   93: json_stats: {"cur_iter": "138", "eta": "2:56:08", "split": "test_iter", "time_diff": 88.808252}
[11/16 12:22:47][INFO] slowfast.utils.logging:   93: json_stats: {"cur_iter": "139", "eta": "2:59:09", "split": "test_iter", "time_diff": 91.098326}
[11/16 12:24:17][INFO] slowfast.utils.logging:   93: json_stats: {"cur_iter": "140", "eta": "2:53:48", "split": "test_iter", "time_diff": 89.131515}
[11/16 12:25:38][INFO] slowfast.utils.logging:   93: json_stats: {"cur_iter": "141", "eta": "2:37:36", "split": "test_iter", "time_diff": 81.520290}
[11/16 12:27:05][INFO] slowfast.utils.logging:   93: json_stats: {"cur_iter": "142", "eta": "2:46:07", "split": "test_iter", "time_diff": 86.671548}
[11/16 12:28:32][INFO] slowfast.utils.logging:   93: json_stats: {"cur_iter": "143", "eta": "2:46:36", "split": "test_iter", "time_diff": 87.688586}
[11/16 12:30:01][INFO] slowfast.utils.logging:   93: json_stats: {"cur_iter": "144", "eta": "2:46:24", "split": "test_iter", "time_diff": 88.358746}
[11/16 12:31:25][INFO] slowfast.utils.logging:   93: json_stats: {"cur_iter": "145", "eta": "2:36:21", "split": "test_iter", "time_diff": 83.765208}
[11/16 12:32:47][INFO] slowfast.utils.logging:   93: json_stats: {"cur_iter": "146", "eta": "2:32:43", "split": "test_iter", "time_diff": 82.557391}
[11/16 12:34:17][INFO] slowfast.utils.logging:   93: json_stats: {"cur_iter": "147", "eta": "2:43:51", "split": "test_iter", "time_diff": 89.380371}
[11/16 12:35:40][INFO] slowfast.utils.logging:   93: json_stats: {"cur_iter": "148", "eta": "2:32:27", "split": "test_iter", "time_diff": 83.923940}
[11/16 12:37:15][INFO] slowfast.utils.logging:   93: json_stats: {"cur_iter": "149", "eta": "2:49:34", "split": "test_iter", "time_diff": 94.212083}
[11/16 12:38:49][INFO] slowfast.utils.logging:   93: json_stats: {"cur_iter": "150", "eta": "2:48:41", "split": "test_iter", "time_diff": 94.589039}
[11/16 12:40:21][INFO] slowfast.utils.logging:   93: json_stats: {"cur_iter": "151", "eta": "2:41:17", "split": "test_iter", "time_diff": 91.299930}
[11/16 12:41:48][INFO] slowfast.utils.logging:   93: json_stats: {"cur_iter": "152", "eta": "2:33:15", "split": "test_iter", "time_diff": 87.575824}
[11/16 12:43:09][INFO] slowfast.utils.logging:   93: json_stats: {"cur_iter": "153", "eta": "2:20:37", "split": "test_iter", "time_diff": 81.132742}
[11/16 12:44:37][INFO] slowfast.utils.logging:   93: json_stats: {"cur_iter": "154", "eta": "2:29:49", "split": "test_iter", "time_diff": 87.276865}
[11/16 12:45:41][INFO] slowfast.utils.logging:   93: json_stats: {"cur_iter": "155", "eta": "1:49:14", "split": "test_iter", "time_diff": 64.263845}
[11/16 12:45:50][INFO] slowfast.utils.logging:   93: json_stats: {"cur_iter": "156", "eta": "0:14:46", "split": "test_iter", "time_diff": 8.779785}
[11/16 12:46:00][INFO] slowfast.utils.logging:   93: json_stats: {"cur_iter": "157", "eta": "0:17:13", "split": "test_iter", "time_diff": 10.332973}
[11/16 12:46:13][INFO] slowfast.utils.logging:   93: json_stats: {"cur_iter": "158", "eta": "0:21:02", "split": "test_iter", "time_diff": 12.751890}
[11/16 12:46:26][INFO] slowfast.utils.logging:   93: json_stats: {"cur_iter": "159", "eta": "0:21:42", "split": "test_iter", "time_diff": 13.288952}
[11/16 12:46:42][INFO] slowfast.utils.logging:   93: json_stats: {"cur_iter": "160", "eta": "0:25:47", "split": "test_iter", "time_diff": 15.954083}
[11/16 12:46:51][INFO] slowfast.utils.logging:   93: json_stats: {"cur_iter": "161", "eta": "0:14:58", "split": "test_iter", "time_diff": 9.358075}
[11/16 12:47:04][INFO] slowfast.utils.logging:   93: json_stats: {"cur_iter": "162", "eta": "0:19:09", "split": "test_iter", "time_diff": 12.101341}
[11/16 12:47:21][INFO] slowfast.utils.logging:   93: json_stats: {"cur_iter": "163", "eta": "0:27:41", "split": "test_iter", "time_diff": 17.673148}
[11/16 12:47:47][INFO] slowfast.utils.logging:   93: json_stats: {"cur_iter": "164", "eta": "0:40:23", "split": "test_iter", "time_diff": 26.056122}
[11/16 12:48:03][INFO] slowfast.utils.logging:   93: json_stats: {"cur_iter": "165", "eta": "0:24:35", "split": "test_iter", "time_diff": 16.041452}
[11/16 12:48:11][INFO] slowfast.utils.logging:   93: json_stats: {"cur_iter": "166", "eta": "0:11:28", "split": "test_iter", "time_diff": 7.561799}
[11/16 12:48:36][INFO] slowfast.utils.logging:   93: json_stats: {"cur_iter": "167", "eta": "0:38:18", "split": "test_iter", "time_diff": 25.534660}
[11/16 12:48:48][INFO] slowfast.utils.logging:   93: json_stats: {"cur_iter": "168", "eta": "0:17:08", "split": "test_iter", "time_diff": 11.551882}
[11/16 12:49:06][INFO] slowfast.utils.logging:   93: json_stats: {"cur_iter": "169", "eta": "0:25:56", "split": "test_iter", "time_diff": 17.692967}
[11/16 12:49:23][INFO] slowfast.utils.logging:   93: json_stats: {"cur_iter": "170", "eta": "0:24:50", "split": "test_iter", "time_diff": 17.134919}
[11/16 12:49:33][INFO] slowfast.utils.logging:   93: json_stats: {"cur_iter": "171", "eta": "0:14:48", "split": "test_iter", "time_diff": 10.334705}
[11/16 12:49:52][INFO] slowfast.utils.logging:   93: json_stats: {"cur_iter": "172", "eta": "0:27:13", "split": "test_iter", "time_diff": 19.220742}
[11/16 12:50:23][INFO] slowfast.utils.logging:   93: json_stats: {"cur_iter": "173", "eta": "0:43:01", "split": "test_iter", "time_diff": 30.731158}
[11/16 12:50:47][INFO] slowfast.utils.logging:   93: json_stats: {"cur_iter": "174", "eta": "0:33:36", "split": "test_iter", "time_diff": 24.294911}
[11/16 12:51:38][INFO] slowfast.utils.logging:   93: json_stats: {"cur_iter": "175", "eta": "1:09:01", "split": "test_iter", "time_diff": 50.510825}
[11/16 12:52:44][INFO] slowfast.utils.logging:   93: json_stats: {"cur_iter": "176", "eta": "1:29:20", "split": "test_iter", "time_diff": 66.175606}
[11/16 12:53:09][INFO] slowfast.utils.logging:   93: json_stats: {"cur_iter": "177", "eta": "0:32:31", "split": "test_iter", "time_diff": 24.394371}
[11/16 12:53:30][INFO] slowfast.utils.logging:   93: json_stats: {"cur_iter": "178", "eta": "0:28:25", "split": "test_iter", "time_diff": 21.590067}
[11/16 12:53:39][INFO] slowfast.utils.logging:   93: json_stats: {"cur_iter": "179", "eta": "0:11:38", "split": "test_iter", "time_diff": 8.960961}
[11/16 12:53:45][INFO] slowfast.utils.logging:   93: json_stats: {"cur_iter": "180", "eta": "0:08:13", "split": "test_iter", "time_diff": 6.410357}
[11/16 12:53:53][INFO] slowfast.utils.logging:   93: json_stats: {"cur_iter": "181", "eta": "0:09:24", "split": "test_iter", "time_diff": 7.432481}
[11/16 12:54:20][INFO] slowfast.utils.logging:   93: json_stats: {"cur_iter": "182", "eta": "0:34:21", "split": "test_iter", "time_diff": 27.490698}
[11/16 12:54:29][INFO] slowfast.utils.logging:   93: json_stats: {"cur_iter": "183", "eta": "0:11:04", "split": "test_iter", "time_diff": 8.983636}
[11/16 12:54:54][INFO] slowfast.utils.logging:   93: json_stats: {"cur_iter": "184", "eta": "0:29:33", "split": "test_iter", "time_diff": 24.289278}
[11/16 12:55:17][INFO] slowfast.utils.logging:   93: json_stats: {"cur_iter": "185", "eta": "0:27:53", "split": "test_iter", "time_diff": 23.247213}
[11/16 12:55:46][INFO] slowfast.utils.logging:   93: json_stats: {"cur_iter": "186", "eta": "0:34:20", "split": "test_iter", "time_diff": 29.027696}
[11/16 12:56:17][INFO] slowfast.utils.logging:   93: json_stats: {"cur_iter": "187", "eta": "0:36:10", "split": "test_iter", "time_diff": 31.010796}
[11/16 12:56:55][INFO] slowfast.utils.logging:   93: json_stats: {"cur_iter": "188", "eta": "0:43:11", "split": "test_iter", "time_diff": 37.551074}
[11/16 12:57:29][INFO] slowfast.utils.logging:   93: json_stats: {"cur_iter": "189", "eta": "0:38:29", "split": "test_iter", "time_diff": 33.970388}
[11/16 12:57:43][INFO] slowfast.utils.logging:   93: json_stats: {"cur_iter": "190", "eta": "0:15:41", "split": "test_iter", "time_diff": 14.055762}
[11/16 12:57:53][INFO] slowfast.utils.logging:   93: json_stats: {"cur_iter": "191", "eta": "0:11:45", "split": "test_iter", "time_diff": 10.688775}
[11/16 12:58:08][INFO] slowfast.utils.logging:   93: json_stats: {"cur_iter": "192", "eta": "0:16:05", "split": "test_iter", "time_diff": 14.849527}
[11/16 12:58:29][INFO] slowfast.utils.logging:   93: json_stats: {"cur_iter": "193", "eta": "0:22:07", "split": "test_iter", "time_diff": 20.737505}
[11/16 12:58:51][INFO] slowfast.utils.logging:   93: json_stats: {"cur_iter": "194", "eta": "0:23:42", "split": "test_iter", "time_diff": 22.573389}
[11/16 12:59:06][INFO] slowfast.utils.logging:   93: json_stats: {"cur_iter": "195", "eta": "0:14:38", "split": "test_iter", "time_diff": 14.172912}
[11/16 12:59:33][INFO] slowfast.utils.logging:   93: json_stats: {"cur_iter": "196", "eta": "0:27:27", "split": "test_iter", "time_diff": 27.009825}
[11/16 12:59:46][INFO] slowfast.utils.logging:   93: json_stats: {"cur_iter": "197", "eta": "0:13:39", "split": "test_iter", "time_diff": 13.654102}
[11/16 13:00:12][INFO] slowfast.utils.logging:   93: json_stats: {"cur_iter": "198", "eta": "0:25:44", "split": "test_iter", "time_diff": 26.173443}
[11/16 13:00:27][INFO] slowfast.utils.logging:   93: json_stats: {"cur_iter": "199", "eta": "0:13:58", "split": "test_iter", "time_diff": 14.449485}
[11/16 13:00:33][INFO] slowfast.utils.logging:   93: json_stats: {"cur_iter": "200", "eta": "0:06:05", "split": "test_iter", "time_diff": 6.417258}
[11/16 13:00:40][INFO] slowfast.utils.logging:   93: json_stats: {"cur_iter": "201", "eta": "0:06:23", "split": "test_iter", "time_diff": 6.844987}
[11/16 13:00:56][INFO] slowfast.utils.logging:   93: json_stats: {"cur_iter": "202", "eta": "0:14:47", "split": "test_iter", "time_diff": 16.132049}
[11/16 13:01:14][INFO] slowfast.utils.logging:   93: json_stats: {"cur_iter": "203", "eta": "0:15:34", "split": "test_iter", "time_diff": 17.306347}
[11/16 13:01:25][INFO] slowfast.utils.logging:   93: json_stats: {"cur_iter": "204", "eta": "0:09:49", "split": "test_iter", "time_diff": 11.117525}
[11/16 13:01:43][INFO] slowfast.utils.logging:   93: json_stats: {"cur_iter": "205", "eta": "0:16:11", "split": "test_iter", "time_diff": 18.686010}
[11/16 13:02:15][INFO] slowfast.utils.logging:   93: json_stats: {"cur_iter": "206", "eta": "0:26:26", "split": "test_iter", "time_diff": 31.113203}
[11/16 13:02:27][INFO] slowfast.utils.logging:   93: json_stats: {"cur_iter": "207", "eta": "0:10:36", "split": "test_iter", "time_diff": 12.726871}
[11/16 13:03:44][INFO] slowfast.utils.logging:   93: json_stats: {"cur_iter": "208", "eta": "1:02:47", "split": "test_iter", "time_diff": 76.884550}
[11/16 13:05:21][INFO] slowfast.utils.logging:   93: json_stats: {"cur_iter": "209", "eta": "1:17:30", "split": "test_iter", "time_diff": 96.895256}
[11/16 13:06:52][INFO] slowfast.utils.logging:   93: json_stats: {"cur_iter": "210", "eta": "1:11:34", "split": "test_iter", "time_diff": 91.374292}
[11/16 13:08:20][INFO] slowfast.utils.logging:   93: json_stats: {"cur_iter": "211", "eta": "1:07:15", "split": "test_iter", "time_diff": 87.739076}
[11/16 13:09:52][INFO] slowfast.utils.logging:   93: json_stats: {"cur_iter": "212", "eta": "1:08:27", "split": "test_iter", "time_diff": 91.271146}
[11/16 13:11:18][INFO] slowfast.utils.logging:   93: json_stats: {"cur_iter": "213", "eta": "1:03:04", "split": "test_iter", "time_diff": 86.007517}
[11/16 13:12:44][INFO] slowfast.utils.logging:   93: json_stats: {"cur_iter": "214", "eta": "1:02:18", "split": "test_iter", "time_diff": 86.933502}
[11/16 13:14:10][INFO] slowfast.utils.logging:   93: json_stats: {"cur_iter": "215", "eta": "0:59:40", "split": "test_iter", "time_diff": 85.238398}
[11/16 13:15:34][INFO] slowfast.utils.logging:   93: json_stats: {"cur_iter": "216", "eta": "0:57:45", "split": "test_iter", "time_diff": 84.515231}
[11/16 13:16:49][INFO] slowfast.utils.logging:   93: json_stats: {"cur_iter": "217", "eta": "0:50:06", "split": "test_iter", "time_diff": 75.173497}
[11/16 13:18:17][INFO] slowfast.utils.logging:   93: json_stats: {"cur_iter": "218", "eta": "0:57:03", "split": "test_iter", "time_diff": 87.784294}
[11/16 13:19:42][INFO] slowfast.utils.logging:   93: json_stats: {"cur_iter": "219", "eta": "0:53:45", "split": "test_iter", "time_diff": 84.882961}
[11/16 13:21:04][INFO] slowfast.utils.logging:   93: json_stats: {"cur_iter": "220", "eta": "0:50:48", "split": "test_iter", "time_diff": 82.387697}
[11/16 13:22:27][INFO] slowfast.utils.logging:   93: json_stats: {"cur_iter": "221", "eta": "0:49:25", "split": "test_iter", "time_diff": 82.381635}
[11/16 13:23:45][INFO] slowfast.utils.logging:   93: json_stats: {"cur_iter": "222", "eta": "0:45:29", "split": "test_iter", "time_diff": 77.976329}
[11/16 13:25:09][INFO] slowfast.utils.logging:   93: json_stats: {"cur_iter": "223", "eta": "0:47:44", "split": "test_iter", "time_diff": 84.253729}
[11/16 13:26:37][INFO] slowfast.utils.logging:   93: json_stats: {"cur_iter": "224", "eta": "0:48:14", "split": "test_iter", "time_diff": 87.711791}
[11/16 13:28:05][INFO] slowfast.utils.logging:   93: json_stats: {"cur_iter": "225", "eta": "0:47:01", "split": "test_iter", "time_diff": 88.179847}
[11/16 13:29:34][INFO] slowfast.utils.logging:   93: json_stats: {"cur_iter": "226", "eta": "0:45:56", "split": "test_iter", "time_diff": 88.928228}
[11/16 13:31:05][INFO] slowfast.utils.logging:   93: json_stats: {"cur_iter": "227", "eta": "0:45:42", "split": "test_iter", "time_diff": 91.430826}
[11/16 13:32:31][INFO] slowfast.utils.logging:   93: json_stats: {"cur_iter": "228", "eta": "0:41:34", "split": "test_iter", "time_diff": 86.014308}
[11/16 13:33:59][INFO] slowfast.utils.logging:   93: json_stats: {"cur_iter": "229", "eta": "0:41:03", "split": "test_iter", "time_diff": 87.973322}
[11/16 13:35:28][INFO] slowfast.utils.logging:   93: json_stats: {"cur_iter": "230", "eta": "0:39:48", "split": "test_iter", "time_diff": 88.480001}
[11/16 13:36:58][INFO] slowfast.utils.logging:   93: json_stats: {"cur_iter": "231", "eta": "0:39:10", "split": "test_iter", "time_diff": 90.403627}
[11/16 13:38:26][INFO] slowfast.utils.logging:   93: json_stats: {"cur_iter": "232", "eta": "0:36:41", "split": "test_iter", "time_diff": 88.071461}
[11/16 13:39:56][INFO] slowfast.utils.logging:   93: json_stats: {"cur_iter": "233", "eta": "0:35:48", "split": "test_iter", "time_diff": 89.502738}
[11/16 13:41:22][INFO] slowfast.utils.logging:   93: json_stats: {"cur_iter": "234", "eta": "0:33:04", "split": "test_iter", "time_diff": 86.296853}
[11/16 13:42:43][INFO] slowfast.utils.logging:   93: json_stats: {"cur_iter": "235", "eta": "0:29:44", "split": "test_iter", "time_diff": 81.121854}
[11/16 13:44:06][INFO] slowfast.utils.logging:   93: json_stats: {"cur_iter": "236", "eta": "0:29:05", "split": "test_iter", "time_diff": 83.139661}
[11/16 13:45:35][INFO] slowfast.utils.logging:   93: json_stats: {"cur_iter": "237", "eta": "0:29:26", "split": "test_iter", "time_diff": 88.318881}
[11/16 13:46:56][INFO] slowfast.utils.logging:   93: json_stats: {"cur_iter": "238", "eta": "0:25:35", "split": "test_iter", "time_diff": 80.831107}
[11/16 13:48:12][INFO] slowfast.utils.logging:   93: json_stats: {"cur_iter": "239", "eta": "0:22:51", "split": "test_iter", "time_diff": 76.203791}
[11/16 13:49:28][INFO] slowfast.utils.logging:   93: json_stats: {"cur_iter": "240", "eta": "0:21:39", "split": "test_iter", "time_diff": 76.420473}
[11/16 13:50:58][INFO] slowfast.utils.logging:   93: json_stats: {"cur_iter": "241", "eta": "0:23:59", "split": "test_iter", "time_diff": 89.960580}
[11/16 13:52:32][INFO] slowfast.utils.logging:   93: json_stats: {"cur_iter": "242", "eta": "0:23:20", "split": "test_iter", "time_diff": 93.346022}
[11/16 13:53:59][INFO] slowfast.utils.logging:   93: json_stats: {"cur_iter": "243", "eta": "0:20:19", "split": "test_iter", "time_diff": 87.134178}
[11/16 13:55:24][INFO] slowfast.utils.logging:   93: json_stats: {"cur_iter": "244", "eta": "0:18:29", "split": "test_iter", "time_diff": 85.343478}
[11/16 13:56:51][INFO] slowfast.utils.logging:   93: json_stats: {"cur_iter": "245", "eta": "0:17:26", "split": "test_iter", "time_diff": 87.248900}
[11/16 13:58:22][INFO] slowfast.utils.logging:   93: json_stats: {"cur_iter": "246", "eta": "0:16:41", "split": "test_iter", "time_diff": 91.056082}
[11/16 13:59:52][INFO] slowfast.utils.logging:   93: json_stats: {"cur_iter": "247", "eta": "0:14:55", "split": "test_iter", "time_diff": 89.513285}
[11/16 14:01:15][INFO] slowfast.utils.logging:   93: json_stats: {"cur_iter": "248", "eta": "0:12:31", "split": "test_iter", "time_diff": 83.444734}
[11/16 14:02:45][INFO] slowfast.utils.logging:   93: json_stats: {"cur_iter": "249", "eta": "0:11:57", "split": "test_iter", "time_diff": 89.676513}
[11/16 14:04:07][INFO] slowfast.utils.logging:   93: json_stats: {"cur_iter": "250", "eta": "0:09:30", "split": "test_iter", "time_diff": 81.525794}
[11/16 14:05:16][INFO] slowfast.utils.logging:   93: json_stats: {"cur_iter": "251", "eta": "0:06:59", "split": "test_iter", "time_diff": 69.940388}
[11/16 14:06:39][INFO] slowfast.utils.logging:   93: json_stats: {"cur_iter": "252", "eta": "0:06:54", "split": "test_iter", "time_diff": 82.867219}
[11/16 14:08:10][INFO] slowfast.utils.logging:   93: json_stats: {"cur_iter": "253", "eta": "0:06:03", "split": "test_iter", "time_diff": 90.808495}
[11/16 14:09:43][INFO] slowfast.utils.logging:   93: json_stats: {"cur_iter": "254", "eta": "0:04:39", "split": "test_iter", "time_diff": 93.309620}
[11/16 14:11:19][INFO] slowfast.utils.logging:   93: json_stats: {"cur_iter": "255", "eta": "0:03:10", "split": "test_iter", "time_diff": 95.417227}
[11/16 14:12:39][INFO] slowfast.utils.logging:   93: json_stats: {"cur_iter": "256", "eta": "0:01:20", "split": "test_iter", "time_diff": 80.061327}
[11/16 14:12:39][INFO] slowfast.utils.logging:   93: json_stats: {"split": "test_final", "top1_acc": "30.40", "top3_acc": "100.00"}
End slurm job at Wed Nov 16 14:12:40 CST 2022
